<?xml version="1.0" encoding="UTF-8"?>
<testng-results skipped="0" failed="0" total="1" passed="1">
  <reporter-output>
  </reporter-output>
  <suite name="sample suite" duration-ms="30" started-at="2014-10-29T00:51:37Z" finished-at="2014-10-29T00:51:37Z">
    <groups>
    </groups>
    <test name="Sample test" duration-ms="30" started-at="2014-10-29T00:51:37Z" finished-at="2014-10-29T00:51:37Z">
      <class name="com.testng.example.ExampleTestSuite">
        <test-method status="PASS" signature="beforeTest()[pri:0, instance:com.testng.example.ExampleTestSuite@2d6a9952]" name="beforeTest" is-config="true" duration-ms="10" started-at="2014-10-28T20:51:37Z" finished-at="2014-10-28T20:51:37Z">
          <reporter-output>
          </reporter-output>
        </test-method> <!-- beforeTest -->
        <test-method status="PASS" signature="beforeClass()[pri:0, instance:com.testng.example.ExampleTestSuite@2d6a9952]" name="beforeClass" is-config="true" duration-ms="0" started-at="2014-10-28T20:51:37Z" finished-at="2014-10-28T20:51:37Z">
          <reporter-output>
          </reporter-output>
        </test-method> <!-- beforeClass -->
        <test-method status="PASS" signature="test()[pri:0, instance:com.testng.example.ExampleTestSuite@2d6a9952]" name="test" duration-ms="6" started-at="2014-10-28T20:51:37Z" finished-at="2014-10-28T20:51:37Z">
          <reporter-output>
          </reporter-output>
        </test-method> <!-- test -->
        <test-method status="PASS" signature="beforeMethod()[pri:0, instance:com.testng.example.ExampleTestSuite@2d6a9952]" name="beforeMethod" is-config="true" duration-ms="0" started-at="2014-10-28T20:51:37Z" finished-at="2014-10-28T20:51:37Z">
          <reporter-output>
          </reporter-output>
        </test-method> <!-- beforeMethod -->
        <test-method status="PASS" signature="afterMethod()[pri:0, instance:com.testng.example.ExampleTestSuite@2d6a9952]" name="afterMethod" is-config="true" duration-ms="0" started-at="2014-10-28T20:51:37Z" finished-at="2014-10-28T20:51:37Z">
          <reporter-output>
          </reporter-output>
        </test-method> <!-- afterMethod -->
        <test-method status="PASS" signature="afterTest()[pri:0, instance:com.testng.example.ExampleTestSuite@2d6a9952]" name="afterTest" is-config="true" duration-ms="0" started-at="2014-10-28T20:51:37Z" finished-at="2014-10-28T20:51:37Z">
          <reporter-output>
          </reporter-output>
        </test-method> <!-- afterTest -->
      </class> <!-- com.testng.example.ExampleTestSuite -->
    </test> <!-- Sample test -->
  </suite> <!-- sample suite -->
</testng-results>
